<?xml version="1.0" encoding="UTF-8"?>
<!-- Generated by org.testng.reporters.JUnitXMLReporter -->
<testsuite hostname="Ravinder" name="Default test" tests="4" failures="0" timestamp="3 Apr 2018 09:03:25 GMT" time="0.029" errors="0">
  <testcase name="jaya" time="0.008" classname="screenshot.Cmdb.Testng"/>
  <testcase name="eshwar" time="0.001" classname="screenshot.Cmdb.Testng"/>
  <testcase name="manoj" time="0.002" classname="screenshot.Cmdb.Testng"/>
  <testcase name="ravinder" time="0.002" classname="screenshot.Cmdb.Testng"/>
</testsuite> <!-- Default test -->
